==25812== Memcheck, a memory error detector
==25812== Copyright (C) 2002-2017, and GNU GPL'd, by Julian Seward et al.
==25812== Using Valgrind-3.13.0 and LibVEX; rerun with -h for copyright info
==25812== Command: ./smash
==25812== Parent PID: 25805
==25812== 
==25833== 
==25833== HEAP SUMMARY:
==25833==     in use at exit: 101 bytes in 3 blocks
==25833==   total heap usage: 85 allocs, 82 frees, 106,984 bytes allocated
==25833== 
==25833== 5 bytes in 1 blocks are still reachable in loss record 1 of 3
==25833==    at 0x4C3289F: operator new[](unsigned long) (in /usr/lib/valgrind/vgpreload_memcheck-amd64-linux.so)
==25833==    by 0x10CED0: Command::Command(char const*) (in /home/student/homework/os-intro-hw1/skeleton_smash/smash)
==25833==    by 0x10D020: BuiltInCommand::BuiltInCommand(char const*) (in /home/student/homework/os-intro-hw1/skeleton_smash/smash)
==25833==    by 0x10DC36: QuitCommand::QuitCommand(char const*, JobsList*) (in /home/student/homework/os-intro-hw1/skeleton_smash/smash)
==25833==    by 0x10C016: SmallShell::CreateCommand(char const*) (in /home/student/homework/os-intro-hw1/skeleton_smash/smash)
==25833==    by 0x10C270: SmallShell::executeCommand(char const*) (in /home/student/homework/os-intro-hw1/skeleton_smash/smash)
==25833==    by 0x112E55: main (in /home/student/homework/os-intro-hw1/skeleton_smash/smash)
==25833== 
==25833== 32 bytes in 1 blocks are still reachable in loss record 2 of 3
==25833==    at 0x4C3217F: operator new(unsigned long) (in /usr/lib/valgrind/vgpreload_memcheck-amd64-linux.so)
==25833==    by 0x111E99: __gnu_cxx::new_allocator<std::__cxx11::basic_string<char, std::char_traits<char>, std::allocator<char> > >::allocate(unsigned long, void const*) (in /home/student/homework/os-intro-hw1/skeleton_smash/smash)
==25833==    by 0x111B2F: std::allocator_traits<std::allocator<std::__cxx11::basic_string<char, std::char_traits<char>, std::allocator<char> > > >::allocate(std::allocator<std::__cxx11::basic_string<char, std::char_traits<char>, std::allocator<char> > >&, unsigned long) (in /home/student/homework/os-intro-hw1/skeleton_smash/smash)
==25833==    by 0x1116FF: std::_Vector_base<std::__cxx11::basic_string<char, std::char_traits<char>, std::allocator<char> >, std::allocator<std::__cxx11::basic_string<char, std::char_traits<char>, std::allocator<char> > > >::_M_allocate(unsigned long) (in /home/student/homework/os-intro-hw1/skeleton_smash/smash)
==25833==    by 0x110DE3: void std::vector<std::__cxx11::basic_string<char, std::char_traits<char>, std::allocator<char> >, std::allocator<std::__cxx11::basic_string<char, std::char_traits<char>, std::allocator<char> > > >::_M_realloc_insert<std::__cxx11::basic_string<char, std::char_traits<char>, std::allocator<char> > >(__gnu_cxx::__normal_iterator<std::__cxx11::basic_string<char, std::char_traits<char>, std::allocator<char> >*, std::vector<std::__cxx11::basic_string<char, std::char_traits<char>, std::allocator<char> >, std::allocator<std::__cxx11::basic_string<char, std::char_traits<char>, std::allocator<char> > > > >, std::__cxx11::basic_string<char, std::char_traits<char>, std::allocator<char> >&&) (in /home/student/homework/os-intro-hw1/skeleton_smash/smash)
==25833==    by 0x110427: void std::vector<std::__cxx11::basic_string<char, std::char_traits<char>, std::allocator<char> >, std::allocator<std::__cxx11::basic_string<char, std::char_traits<char>, std::allocator<char> > > >::emplace_back<std::__cxx11::basic_string<char, std::char_traits<char>, std::allocator<char> > >(std::__cxx11::basic_string<char, std::char_traits<char>, std::allocator<char> >&&) (in /home/student/homework/os-intro-hw1/skeleton_smash/smash)
==25833==    by 0x10FBFF: std::vector<std::__cxx11::basic_string<char, std::char_traits<char>, std::allocator<char> >, std::allocator<std::__cxx11::basic_string<char, std::char_traits<char>, std::allocator<char> > > >::push_back(std::__cxx11::basic_string<char, std::char_traits<char>, std::allocator<char> >&&) (in /home/student/homework/os-intro-hw1/skeleton_smash/smash)
==25833==    by 0x10B76B: Command::_vectorize_cmdline(char const*) (in /home/student/homework/os-intro-hw1/skeleton_smash/smash)
==25833==    by 0x10CF57: Command::Command(char const*) (in /home/student/homework/os-intro-hw1/skeleton_smash/smash)
==25833==    by 0x10D020: BuiltInCommand::BuiltInCommand(char const*) (in /home/student/homework/os-intro-hw1/skeleton_smash/smash)
==25833==    by 0x10DC36: QuitCommand::QuitCommand(char const*, JobsList*) (in /home/student/homework/os-intro-hw1/skeleton_smash/smash)
==25833==    by 0x10C016: SmallShell::CreateCommand(char const*) (in /home/student/homework/os-intro-hw1/skeleton_smash/smash)
==25833== 
==25833== 64 bytes in 1 blocks are still reachable in loss record 3 of 3
==25833==    at 0x4C3217F: operator new(unsigned long) (in /usr/lib/valgrind/vgpreload_memcheck-amd64-linux.so)
==25833==    by 0x10BFFC: SmallShell::CreateCommand(char const*) (in /home/student/homework/os-intro-hw1/skeleton_smash/smash)
==25833==    by 0x10C270: SmallShell::executeCommand(char const*) (in /home/student/homework/os-intro-hw1/skeleton_smash/smash)
==25833==    by 0x112E55: main (in /home/student/homework/os-intro-hw1/skeleton_smash/smash)
==25833== 
==25833== LEAK SUMMARY:
==25833==    definitely lost: 0 bytes in 0 blocks
==25833==    indirectly lost: 0 bytes in 0 blocks
==25833==      possibly lost: 0 bytes in 0 blocks
==25833==    still reachable: 101 bytes in 3 blocks
==25833==         suppressed: 0 bytes in 0 blocks
==25833== 
==25833== For counts of detected and suppressed errors, rerun with: -v
==25833== ERROR SUMMARY: 0 errors from 0 contexts (suppressed: 0 from 0)
==25812== 
==25812== HEAP SUMMARY:
==25812==     in use at exit: 101 bytes in 3 blocks
==25812==   total heap usage: 83 allocs, 80 frees, 105,408 bytes allocated
==25812== 
==25812== 5 bytes in 1 blocks are still reachable in loss record 1 of 3
==25812==    at 0x4C3289F: operator new[](unsigned long) (in /usr/lib/valgrind/vgpreload_memcheck-amd64-linux.so)
==25812==    by 0x10CED0: Command::Command(char const*) (in /home/student/homework/os-intro-hw1/skeleton_smash/smash)
==25812==    by 0x10D020: BuiltInCommand::BuiltInCommand(char const*) (in /home/student/homework/os-intro-hw1/skeleton_smash/smash)
==25812==    by 0x10DC36: QuitCommand::QuitCommand(char const*, JobsList*) (in /home/student/homework/os-intro-hw1/skeleton_smash/smash)
==25812==    by 0x10C016: SmallShell::CreateCommand(char const*) (in /home/student/homework/os-intro-hw1/skeleton_smash/smash)
==25812==    by 0x10C270: SmallShell::executeCommand(char const*) (in /home/student/homework/os-intro-hw1/skeleton_smash/smash)
==25812==    by 0x112E55: main (in /home/student/homework/os-intro-hw1/skeleton_smash/smash)
==25812== 
==25812== 32 bytes in 1 blocks are still reachable in loss record 2 of 3
==25812==    at 0x4C3217F: operator new(unsigned long) (in /usr/lib/valgrind/vgpreload_memcheck-amd64-linux.so)
==25812==    by 0x111E99: __gnu_cxx::new_allocator<std::__cxx11::basic_string<char, std::char_traits<char>, std::allocator<char> > >::allocate(unsigned long, void const*) (in /home/student/homework/os-intro-hw1/skeleton_smash/smash)
==25812==    by 0x111B2F: std::allocator_traits<std::allocator<std::__cxx11::basic_string<char, std::char_traits<char>, std::allocator<char> > > >::allocate(std::allocator<std::__cxx11::basic_string<char, std::char_traits<char>, std::allocator<char> > >&, unsigned long) (in /home/student/homework/os-intro-hw1/skeleton_smash/smash)
==25812==    by 0x1116FF: std::_Vector_base<std::__cxx11::basic_string<char, std::char_traits<char>, std::allocator<char> >, std::allocator<std::__cxx11::basic_string<char, std::char_traits<char>, std::allocator<char> > > >::_M_allocate(unsigned long) (in /home/student/homework/os-intro-hw1/skeleton_smash/smash)
==25812==    by 0x110DE3: void std::vector<std::__cxx11::basic_string<char, std::char_traits<char>, std::allocator<char> >, std::allocator<std::__cxx11::basic_string<char, std::char_traits<char>, std::allocator<char> > > >::_M_realloc_insert<std::__cxx11::basic_string<char, std::char_traits<char>, std::allocator<char> > >(__gnu_cxx::__normal_iterator<std::__cxx11::basic_string<char, std::char_traits<char>, std::allocator<char> >*, std::vector<std::__cxx11::basic_string<char, std::char_traits<char>, std::allocator<char> >, std::allocator<std::__cxx11::basic_string<char, std::char_traits<char>, std::allocator<char> > > > >, std::__cxx11::basic_string<char, std::char_traits<char>, std::allocator<char> >&&) (in /home/student/homework/os-intro-hw1/skeleton_smash/smash)
==25812==    by 0x110427: void std::vector<std::__cxx11::basic_string<char, std::char_traits<char>, std::allocator<char> >, std::allocator<std::__cxx11::basic_string<char, std::char_traits<char>, std::allocator<char> > > >::emplace_back<std::__cxx11::basic_string<char, std::char_traits<char>, std::allocator<char> > >(std::__cxx11::basic_string<char, std::char_traits<char>, std::allocator<char> >&&) (in /home/student/homework/os-intro-hw1/skeleton_smash/smash)
==25812==    by 0x10FBFF: std::vector<std::__cxx11::basic_string<char, std::char_traits<char>, std::allocator<char> >, std::allocator<std::__cxx11::basic_string<char, std::char_traits<char>, std::allocator<char> > > >::push_back(std::__cxx11::basic_string<char, std::char_traits<char>, std::allocator<char> >&&) (in /home/student/homework/os-intro-hw1/skeleton_smash/smash)
==25812==    by 0x10B76B: Command::_vectorize_cmdline(char const*) (in /home/student/homework/os-intro-hw1/skeleton_smash/smash)
==25812==    by 0x10CF57: Command::Command(char const*) (in /home/student/homework/os-intro-hw1/skeleton_smash/smash)
==25812==    by 0x10D020: BuiltInCommand::BuiltInCommand(char const*) (in /home/student/homework/os-intro-hw1/skeleton_smash/smash)
==25812==    by 0x10DC36: QuitCommand::QuitCommand(char const*, JobsList*) (in /home/student/homework/os-intro-hw1/skeleton_smash/smash)
==25812==    by 0x10C016: SmallShell::CreateCommand(char const*) (in /home/student/homework/os-intro-hw1/skeleton_smash/smash)
==25812== 
==25812== 64 bytes in 1 blocks are still reachable in loss record 3 of 3
==25812==    at 0x4C3217F: operator new(unsigned long) (in /usr/lib/valgrind/vgpreload_memcheck-amd64-linux.so)
==25812==    by 0x10BFFC: SmallShell::CreateCommand(char const*) (in /home/student/homework/os-intro-hw1/skeleton_smash/smash)
==25812==    by 0x10C270: SmallShell::executeCommand(char const*) (in /home/student/homework/os-intro-hw1/skeleton_smash/smash)
==25812==    by 0x112E55: main (in /home/student/homework/os-intro-hw1/skeleton_smash/smash)
==25812== 
==25812== LEAK SUMMARY:
==25812==    definitely lost: 0 bytes in 0 blocks
==25812==    indirectly lost: 0 bytes in 0 blocks
==25812==      possibly lost: 0 bytes in 0 blocks
==25812==    still reachable: 101 bytes in 3 blocks
==25812==         suppressed: 0 bytes in 0 blocks
==25812== 
==25812== For counts of detected and suppressed errors, rerun with: -v
==25812== ERROR SUMMARY: 0 errors from 0 contexts (suppressed: 0 from 0)
